<?xml version="1.0" encoding="UTF-8"?>
<!-- Generated by org.testng.reporters.JUnitReportReporter -->
<testsuite hostname="DESKTOP-BTGSCFK" failures="0" tests="1" name="org.example.testRunner.runners" time="38.191" errors="0" timestamp="2023-02-14T15:53:27 EET" skipped="0">
  <testcase classname="org.example.testRunner.runners" name="runScenario" time="38.191"/>
  <system-out/>
</testsuite> <!-- org.example.testRunner.runners -->
